events.js:160
      throw er; // Unhandled 'error' event
      ^

Error: listen EADDRINUSE :::3000
    at Object.exports._errnoException (util.js:1026:11)
    at exports._exceptionWithHostPort (util.js:1049:20)
    at Server._listen2 (net.js:1257:14)
    at listen (net.js:1293:10)
    at Server.listen (net.js:1389:5)
    at EventEmitter.listen (/Users/magintosh/bianorcompany/node_modules/express/lib/application.js:617:24)
    at Object.<anonymous> (/Users/magintosh/bianorcompany/app.js:84:5)
    at Module._compile (module.js:570:32)
    at Object.Module._extensions..js (module.js:579:10)
    at Module.load (module.js:487:32)
    at tryModuleLoad (module.js:446:12)
    at Function.Module._load (module.js:438:3)
    at Module.runMain (module.js:604:10)
    at run (bootstrap_node.js:394:7)
    at startup (bootstrap_node.js:149:9)
    at bootstrap_node.js:509:3
