0 info it worked if it ends with ok
1 verbose cli [ '/usr/local/bin/node',
1 verbose cli   '/usr/local/bin/npm',
1 verbose cli   'i',
1 verbose cli   'node',
1 verbose cli   '--vesion',
1 verbose cli   'v6.9.1' ]
2 info using npm@3.10.8
3 info using node@v6.9.1
4 silly loadCurrentTree Starting
5 silly install loadCurrentTree
6 silly install readLocalPackageData
7 silly fetchPackageMetaData node
8 silly fetchPackageMetaData v6.9.1
9 silly fetchNamedPackageData node
10 silly mapToRegistry name node
11 silly mapToRegistry using default registry
12 silly mapToRegistry registry https://registry.npmjs.org/
13 silly mapToRegistry data Result {
13 silly mapToRegistry   raw: 'node',
13 silly mapToRegistry   scope: null,
13 silly mapToRegistry   escapedName: 'node',
13 silly mapToRegistry   name: 'node',
13 silly mapToRegistry   rawSpec: '',
13 silly mapToRegistry   spec: 'latest',
13 silly mapToRegistry   type: 'tag' }
14 silly mapToRegistry uri https://registry.npmjs.org/node
15 silly fetchNamedPackageData v6.9.1
16 silly mapToRegistry name v6.9.1
17 silly mapToRegistry using default registry
18 silly mapToRegistry registry https://registry.npmjs.org/
19 silly mapToRegistry data Result {
19 silly mapToRegistry   raw: 'v6.9.1',
19 silly mapToRegistry   scope: null,
19 silly mapToRegistry   escapedName: 'v6.9.1',
19 silly mapToRegistry   name: 'v6.9.1',
19 silly mapToRegistry   rawSpec: '',
19 silly mapToRegistry   spec: 'latest',
19 silly mapToRegistry   type: 'tag' }
20 silly mapToRegistry uri https://registry.npmjs.org/v6.9.1
21 verbose request uri https://registry.npmjs.org/node
22 verbose request no auth needed
23 info attempt registry request try #1 at 10:15:08
24 verbose request id f194eaef70ed5026
25 http request GET https://registry.npmjs.org/node
26 verbose request uri https://registry.npmjs.org/v6.9.1
27 verbose request no auth needed
28 info attempt registry request try #1 at 10:15:08
29 http request GET https://registry.npmjs.org/v6.9.1
30 http 200 https://registry.npmjs.org/node
31 verbose headers { server: 'nginx/1.10.1',
31 verbose headers   'content-type': 'application/json',
31 verbose headers   'last-modified': 'Tue, 13 Oct 2015 00:37:12 GMT',
31 verbose headers   etag: 'W/"561c5238-43d"',
31 verbose headers   'content-encoding': 'gzip',
31 verbose headers   'cache-control': 'max-age=300',
31 verbose headers   'content-length': '550',
31 verbose headers   'accept-ranges': 'bytes',
31 verbose headers   date: 'Wed, 05 Apr 2017 08:15:06 GMT',
31 verbose headers   via: '1.1 varnish',
31 verbose headers   age: '117',
31 verbose headers   connection: 'keep-alive',
31 verbose headers   'x-served-by': 'cache-lcy1130-LCY',
31 verbose headers   'x-cache': 'HIT',
31 verbose headers   'x-cache-hits': '1',
31 verbose headers   'x-timer': 'S1491380106.989867,VS0,VE0',
31 verbose headers   vary: 'Accept-Encoding' }
32 silly get cb [ 200,
32 silly get   { server: 'nginx/1.10.1',
32 silly get     'content-type': 'application/json',
32 silly get     'last-modified': 'Tue, 13 Oct 2015 00:37:12 GMT',
32 silly get     etag: 'W/"561c5238-43d"',
32 silly get     'content-encoding': 'gzip',
32 silly get     'cache-control': 'max-age=300',
32 silly get     'content-length': '550',
32 silly get     'accept-ranges': 'bytes',
32 silly get     date: 'Wed, 05 Apr 2017 08:15:06 GMT',
32 silly get     via: '1.1 varnish',
32 silly get     age: '117',
32 silly get     connection: 'keep-alive',
32 silly get     'x-served-by': 'cache-lcy1130-LCY',
32 silly get     'x-cache': 'HIT',
32 silly get     'x-cache-hits': '1',
32 silly get     'x-timer': 'S1491380106.989867,VS0,VE0',
32 silly get     vary: 'Accept-Encoding' } ]
33 verbose get saving node to /Users/magintosh/.npm/registry.npmjs.org/node/.cache.json
34 verbose correctMkdir /Users/magintosh/.npm correctMkdir not in flight; initializing
35 http 404 https://registry.npmjs.org/v6.9.1
36 verbose headers { 'content-type': 'application/json',
36 verbose headers   'cache-control': 'max-age=0',
36 verbose headers   'content-length': '2',
36 verbose headers   'accept-ranges': 'bytes',
36 verbose headers   date: 'Wed, 05 Apr 2017 08:15:07 GMT',
36 verbose headers   via: '1.1 varnish',
36 verbose headers   age: '0',
36 verbose headers   connection: 'keep-alive',
36 verbose headers   'x-served-by': 'cache-lcy1131-LCY',
36 verbose headers   'x-cache': 'MISS',
36 verbose headers   'x-cache-hits': '0',
36 verbose headers   'x-timer': 'S1491380107.987639,VS0,VE445',
36 verbose headers   vary: 'Accept-Encoding' }
37 silly get cb [ 404,
37 silly get   { 'content-type': 'application/json',
37 silly get     'cache-control': 'max-age=0',
37 silly get     'content-length': '2',
37 silly get     'accept-ranges': 'bytes',
37 silly get     date: 'Wed, 05 Apr 2017 08:15:07 GMT',
37 silly get     via: '1.1 varnish',
37 silly get     age: '0',
37 silly get     connection: 'keep-alive',
37 silly get     'x-served-by': 'cache-lcy1131-LCY',
37 silly get     'x-cache': 'MISS',
37 silly get     'x-cache-hits': '0',
37 silly get     'x-timer': 'S1491380107.987639,VS0,VE445',
37 silly get     vary: 'Accept-Encoding' } ]
38 silly fetchPackageMetaData Error: Registry returned 404 for GET on https://registry.npmjs.org/v6.9.1
38 silly fetchPackageMetaData     at makeError (/usr/local/lib/node_modules/npm/node_modules/npm-registry-client/lib/request.js:302:12)
38 silly fetchPackageMetaData     at CachingRegistryClient.<anonymous> (/usr/local/lib/node_modules/npm/node_modules/npm-registry-client/lib/request.js:280:14)
38 silly fetchPackageMetaData     at Request._callback (/usr/local/lib/node_modules/npm/node_modules/npm-registry-client/lib/request.js:210:14)
38 silly fetchPackageMetaData     at Request.self.callback (/usr/local/lib/node_modules/npm/node_modules/request/request.js:187:22)
38 silly fetchPackageMetaData     at emitTwo (events.js:106:13)
38 silly fetchPackageMetaData     at Request.emit (events.js:191:7)
38 silly fetchPackageMetaData     at Request.<anonymous> (/usr/local/lib/node_modules/npm/node_modules/request/request.js:1044:10)
38 silly fetchPackageMetaData     at emitOne (events.js:96:13)
38 silly fetchPackageMetaData     at Request.emit (events.js:188:7)
38 silly fetchPackageMetaData     at IncomingMessage.<anonymous> (/usr/local/lib/node_modules/npm/node_modules/request/request.js:965:12)
38 silly fetchPackageMetaData  error for v6.9.1 { Error: Registry returned 404 for GET on https://registry.npmjs.org/v6.9.1
38 silly fetchPackageMetaData     at makeError (/usr/local/lib/node_modules/npm/node_modules/npm-registry-client/lib/request.js:302:12)
38 silly fetchPackageMetaData     at CachingRegistryClient.<anonymous> (/usr/local/lib/node_modules/npm/node_modules/npm-registry-client/lib/request.js:280:14)
38 silly fetchPackageMetaData     at Request._callback (/usr/local/lib/node_modules/npm/node_modules/npm-registry-client/lib/request.js:210:14)
38 silly fetchPackageMetaData     at Request.self.callback (/usr/local/lib/node_modules/npm/node_modules/request/request.js:187:22)
38 silly fetchPackageMetaData     at emitTwo (events.js:106:13)
38 silly fetchPackageMetaData     at Request.emit (events.js:191:7)
38 silly fetchPackageMetaData     at Request.<anonymous> (/usr/local/lib/node_modules/npm/node_modules/request/request.js:1044:10)
38 silly fetchPackageMetaData     at emitOne (events.js:96:13)
38 silly fetchPackageMetaData     at Request.emit (events.js:188:7)
38 silly fetchPackageMetaData     at IncomingMessage.<anonymous> (/usr/local/lib/node_modules/npm/node_modules/request/request.js:965:12) pkgid: 'v6.9.1', statusCode: 404, code: 'E404' }
39 silly rollbackFailedOptional Starting
40 silly rollbackFailedOptional Finishing
41 silly runTopLevelLifecycles Finishing
42 silly install printInstalled
43 verbose stack Error: Registry returned 404 for GET on https://registry.npmjs.org/v6.9.1
43 verbose stack     at makeError (/usr/local/lib/node_modules/npm/node_modules/npm-registry-client/lib/request.js:302:12)
43 verbose stack     at CachingRegistryClient.<anonymous> (/usr/local/lib/node_modules/npm/node_modules/npm-registry-client/lib/request.js:280:14)
43 verbose stack     at Request._callback (/usr/local/lib/node_modules/npm/node_modules/npm-registry-client/lib/request.js:210:14)
43 verbose stack     at Request.self.callback (/usr/local/lib/node_modules/npm/node_modules/request/request.js:187:22)
43 verbose stack     at emitTwo (events.js:106:13)
43 verbose stack     at Request.emit (events.js:191:7)
43 verbose stack     at Request.<anonymous> (/usr/local/lib/node_modules/npm/node_modules/request/request.js:1044:10)
43 verbose stack     at emitOne (events.js:96:13)
43 verbose stack     at Request.emit (events.js:188:7)
43 verbose stack     at IncomingMessage.<anonymous> (/usr/local/lib/node_modules/npm/node_modules/request/request.js:965:12)
44 verbose statusCode 404
45 verbose pkgid v6.9.1
46 verbose cwd /Users/magintosh/bianorcompany
47 error Darwin 15.6.0
48 error argv "/usr/local/bin/node" "/usr/local/bin/npm" "i" "node" "--vesion" "v6.9.1"
49 error node v6.9.1
50 error npm  v3.10.8
51 error code E404
52 error 404 Registry returned 404 for GET on https://registry.npmjs.org/v6.9.1
53 error 404
54 error 404 'v6.9.1' is not in the npm registry.
55 error 404 You should bug the author to publish it (or use the name yourself!)
56 error 404 Note that you can also install from a
57 error 404 tarball, folder, http url, or git url.
58 verbose exit [ 1, true ]
